<?xml version="1.0" encoding="UTF-8"?>
<!-- Generated by org.testng.reporters.JUnitXMLReporter -->
<testsuite hostname="LAPTOP-5VPLT75S" ignored="0" name="首页测试" tests="4" failures="0" timestamp="23 三月 2020 12:34:58 GMT" time="0.744" errors="0">
  <testcase name="getDemo" time="0.706" classname="com.toutiao.cases.DemoTest"/>
  <testcase name="getNoParams" time="0.004" classname="com.toutiao.cases.DemoTest"/>
  <testcase name="postDemo" time="0.006" classname="com.toutiao.cases.DemoTest"/>
  <testcase name="postWithJson" time="0.014" classname="com.toutiao.cases.DemoTest"/>
</testsuite> <!-- 首页测试 -->
