<?xml version="1.0" encoding="UTF-8"?>
<testng-results skipped="0" failed="0" ignored="0" total="4" passed="4">
  <reporter-output>
  </reporter-output>
  <suite name="六合头条" duration-ms="744" started-at="2020-03-23T12:34:57Z" finished-at="2020-03-23T12:34:58Z">
    <groups>
    </groups>
    <test name="首页测试" duration-ms="744" started-at="2020-03-23T12:34:57Z" finished-at="2020-03-23T12:34:58Z">
      <class name="com.toutiao.cases.DemoTest">
        <test-method status="PASS" signature="getDemo(java.lang.String)[pri:0, instance:com.toutiao.cases.DemoTest@1329eff]" name="getDemo" duration-ms="706" started-at="2020-03-23T20:34:57Z" data-provider="getDemo" finished-at="2020-03-23T20:34:58Z">
          <params>
            <param index="0">
              <value>
                <![CDATA[{  "name": "daine",  "age": "26"}]]>
              </value>
            </param>
          </params>
          <reporter-output>
          </reporter-output>
        </test-method> <!-- getDemo -->
        <test-method status="PASS" signature="getNoParams()[pri:0, instance:com.toutiao.cases.DemoTest@1329eff]" name="getNoParams" duration-ms="4" started-at="2020-03-23T20:34:58Z" finished-at="2020-03-23T20:34:58Z">
          <reporter-output>
          </reporter-output>
        </test-method> <!-- getNoParams -->
        <test-method status="PASS" signature="postDemo()[pri:0, instance:com.toutiao.cases.DemoTest@1329eff]" name="postDemo" duration-ms="6" started-at="2020-03-23T20:34:58Z" finished-at="2020-03-23T20:34:58Z">
          <reporter-output>
          </reporter-output>
        </test-method> <!-- postDemo -->
        <test-method status="PASS" signature="postWithJson()[pri:0, instance:com.toutiao.cases.DemoTest@1329eff]" name="postWithJson" duration-ms="14" started-at="2020-03-23T20:34:58Z" finished-at="2020-03-23T20:34:58Z">
          <reporter-output>
          </reporter-output>
        </test-method> <!-- postWithJson -->
      </class> <!-- com.toutiao.cases.DemoTest -->
    </test> <!-- 首页测试 -->
  </suite> <!-- 六合头条 -->
</testng-results>
